2026-04-06T12:22:10 | INFO     | CAM-C4               | Sensor iniciado | intersección=INT-C4 | intervalo=5s | broker=10.43.99.128:5555
2026-04-06T12:22:10 | INFO     | CAM-C4               | [Publicado] vol=  1 veh | vel= 45.5 km/h | semáforo=ROJO
2026-04-06T12:22:15 | INFO     | CAM-C4               | [Publicado] vol= 11 veh | vel= 31.1 km/h | semáforo=ROJO
2026-04-06T12:22:20 | INFO     | CAM-C4               | [Publicado] vol= 19 veh | vel= 21.2 km/h | semáforo=ROJO
2026-04-06T12:22:25 | INFO     | CAM-C4               | [Publicado] vol=  4 veh | vel= 42.7 km/h | semáforo=ROJO
2026-04-06T12:22:30 | INFO     | CAM-C4               | [Publicado] vol=  6 veh | vel= 42.4 km/h | semáforo=ROJO
2026-04-06T12:22:35 | INFO     | CAM-C4               | [Publicado] vol=  0 veh | vel= 44.8 km/h | semáforo=VERDE
2026-04-06T12:22:40 | INFO     | CAM-C4               | [Publicado] vol=  3 veh | vel= 30.9 km/h | semáforo=VERDE
2026-04-06T12:22:45 | INFO     | CAM-C4               | [Publicado] vol=  7 veh | vel= 43.3 km/h | semáforo=VERDE
2026-04-06T12:22:50 | INFO     | CAM-C4               | [Publicado] vol=  7 veh | vel= 28.1 km/h | semáforo=VERDE
2026-04-06T12:22:55 | INFO     | CAM-C4               | [Publicado] vol=  3 veh | vel= 46.1 km/h | semáforo=VERDE
2026-04-06T12:23:00 | INFO     | CAM-C4               | [Publicado] vol=  0 veh | vel= 30.5 km/h | semáforo=VERDE
2026-04-06T12:23:05 | INFO     | CAM-C4               | [Publicado] vol=  0 veh | vel= 49.0 km/h | semáforo=ROJO
2026-04-06T12:23:10 | INFO     | CAM-C4               | [Publicado] vol=  0 veh | vel= 47.8 km/h | semáforo=ROJO
2026-04-06T12:23:15 | INFO     | CAM-C4               | [Publicado] vol=  3 veh | vel= 46.8 km/h | semáforo=ROJO
2026-04-06T12:23:20 | INFO     | CAM-C4               | [Publicado] vol= 13 veh | vel= 28.3 km/h | semáforo=ROJO
2026-04-06T12:23:25 | INFO     | CAM-C4               | [Publicado] vol= 25 veh | vel= 12.4 km/h | semáforo=ROJO
2026-04-06T12:23:30 | INFO     | CAM-C4               | [Publicado] vol= 16 veh | vel= 23.9 km/h | semáforo=ROJO
2026-04-06T12:23:35 | INFO     | CAM-C4               | [Publicado] vol=  0 veh | vel= 30.3 km/h | semáforo=VERDE
2026-04-06T12:23:40 | INFO     | CAM-C4               | [Publicado] vol=  3 veh | vel= 33.4 km/h | semáforo=VERDE
2026-04-06T12:23:45 | INFO     | CAM-C4               | [Publicado] vol=  8 veh | vel= 37.4 km/h | semáforo=VERDE
2026-04-06T12:23:50 | INFO     | CAM-C4               | [Publicado] vol=  3 veh | vel= 37.7 km/h | semáforo=VERDE
2026-04-06T12:23:55 | INFO     | CAM-C4               | [Publicado] vol=  1 veh | vel= 45.4 km/h | semáforo=VERDE
2026-04-06T12:24:00 | INFO     | CAM-C4               | [Publicado] vol=  6 veh | vel= 48.4 km/h | semáforo=VERDE
2026-04-06T12:24:05 | INFO     | CAM-C4               | [Publicado] vol= 22 veh | vel= 17.5 km/h | semáforo=ROJO
2026-04-06T12:24:10 | INFO     | CAM-C4               | [Publicado] vol= 16 veh | vel= 23.4 km/h | semáforo=ROJO
2026-04-06T12:24:15 | INFO     | CAM-C4               | [Publicado] vol= 17 veh | vel= 25.6 km/h | semáforo=ROJO
2026-04-06T12:24:20 | INFO     | CAM-C4               | [Publicado] vol= 16 veh | vel= 26.0 km/h | semáforo=ROJO
2026-04-06T12:24:25 | INFO     | CAM-C4               | [Publicado] vol=  5 veh | vel= 44.4 km/h | semáforo=ROJO
2026-04-06T12:24:30 | INFO     | CAM-C4               | [Publicado] vol=  3 veh | vel= 47.7 km/h | semáforo=ROJO
2026-04-06T12:24:35 | INFO     | CAM-C4               | [Publicado] vol=  2 veh | vel= 42.9 km/h | semáforo=VERDE
2026-04-06T12:24:40 | INFO     | CAM-C4               | [Publicado] vol=  6 veh | vel= 36.6 km/h | semáforo=VERDE
2026-04-06T12:24:45 | INFO     | CAM-C4               | [Publicado] vol=  3 veh | vel= 40.4 km/h | semáforo=VERDE
2026-04-06T12:24:50 | INFO     | CAM-C4               | [Publicado] vol=  7 veh | vel= 26.7 km/h | semáforo=VERDE
2026-04-06T12:24:55 | INFO     | CAM-C4               | [Publicado] vol=  3 veh | vel= 35.1 km/h | semáforo=VERDE
2026-04-06T12:25:00 | INFO     | CAM-C4               | [Publicado] vol=  6 veh | vel= 33.1 km/h | semáforo=VERDE
2026-04-06T12:25:05 | INFO     | CAM-C4               | [Publicado] vol= 17 veh | vel= 25.6 km/h | semáforo=ROJO
2026-04-06T12:25:10 | INFO     | CAM-C4               | [Publicado] vol=  9 veh | vel= 38.4 km/h | semáforo=ROJO
2026-04-06T12:25:15 | INFO     | CAM-C4               | [Publicado] vol= 25 veh | vel= 11.7 km/h | semáforo=ROJO
2026-04-06T12:25:20 | INFO     | CAM-C4               | [Publicado] vol= 15 veh | vel= 27.0 km/h | semáforo=ROJO
2026-04-06T12:25:25 | INFO     | CAM-C4               | [Publicado] vol=  7 veh | vel= 40.9 km/h | semáforo=ROJO
2026-04-06T12:25:30 | INFO     | CAM-C4               | [Publicado] vol= 21 veh | vel= 19.3 km/h | semáforo=ROJO
2026-04-06T12:25:35 | INFO     | CAM-C4               | [Publicado] vol=  3 veh | vel= 29.1 km/h | semáforo=VERDE
2026-04-06T12:25:40 | INFO     | CAM-C4               | [Publicado] vol=  0 veh | vel= 33.6 km/h | semáforo=VERDE
2026-04-06T12:25:45 | INFO     | CAM-C4               | [Publicado] vol=  6 veh | vel= 39.2 km/h | semáforo=VERDE
2026-04-06T12:25:50 | INFO     | CAM-C4               | [Publicado] vol=  3 veh | vel= 31.1 km/h | semáforo=VERDE
2026-04-06T12:25:55 | INFO     | CAM-C4               | [Publicado] vol=  7 veh | vel= 41.9 km/h | semáforo=VERDE
2026-04-06T12:26:00 | INFO     | CAM-C4               | [Publicado] vol=  2 veh | vel= 38.7 km/h | semáforo=VERDE
2026-04-06T12:26:05 | INFO     | CAM-C4               | [Publicado] vol= 23 veh | vel= 17.9 km/h | semáforo=ROJO
2026-04-06T12:26:10 | INFO     | CAM-C4               | [Publicado] vol=  6 veh | vel= 42.6 km/h | semáforo=ROJO
2026-04-06T12:26:15 | INFO     | CAM-C4               | [Publicado] vol=  9 veh | vel= 37.7 km/h | semáforo=ROJO
2026-04-06T12:26:20 | INFO     | CAM-C4               | [Publicado] vol= 17 veh | vel= 22.1 km/h | semáforo=ROJO
2026-04-06T12:26:25 | INFO     | CAM-C4               | [Publicado] vol= 24 veh | vel= 13.0 km/h | semáforo=ROJO
2026-04-06T12:26:30 | INFO     | CAM-C4               | [Publicado] vol=  5 veh | vel= 41.4 km/h | semáforo=ROJO
2026-04-06T12:26:35 | INFO     | CAM-C4               | [Publicado] vol=  6 veh | vel= 49.3 km/h | semáforo=VERDE
2026-04-06T12:26:40 | INFO     | CAM-C4               | [Publicado] vol=  2 veh | vel= 27.8 km/h | semáforo=VERDE
2026-04-06T12:26:45 | INFO     | CAM-C4               | [Publicado] vol=  7 veh | vel= 34.1 km/h | semáforo=VERDE
2026-04-06T12:26:50 | INFO     | CAM-C4               | [Publicado] vol=  1 veh | vel= 34.1 km/h | semáforo=VERDE
2026-04-06T12:26:55 | INFO     | CAM-C4               | [Publicado] vol=  7 veh | vel= 41.6 km/h | semáforo=VERDE
2026-04-06T12:27:00 | INFO     | CAM-C4               | [Publicado] vol=  3 veh | vel= 25.1 km/h | semáforo=VERDE
2026-04-06T12:27:05 | INFO     | CAM-C4               | [Publicado] vol=  4 veh | vel= 45.2 km/h | semáforo=ROJO
2026-04-06T12:27:10 | INFO     | CAM-C4               | [Publicado] vol=  2 veh | vel= 48.5 km/h | semáforo=ROJO
2026-04-06T12:27:15 | INFO     | CAM-C4               | [Publicado] vol= 24 veh | vel= 12.5 km/h | semáforo=ROJO
2026-04-06T12:27:20 | INFO     | CAM-C4               | [Publicado] vol=  5 veh | vel= 40.6 km/h | semáforo=ROJO
2026-04-06T12:27:25 | INFO     | CAM-C4               | [Publicado] vol=  2 veh | vel= 48.9 km/h | semáforo=ROJO
2026-04-06T12:27:30 | INFO     | CAM-C4               | [Publicado] vol= 22 veh | vel= 19.0 km/h | semáforo=ROJO
2026-04-06T12:27:35 | INFO     | CAM-C4               | [Publicado] vol=  8 veh | vel= 33.8 km/h | semáforo=VERDE
2026-04-06T12:27:40 | INFO     | CAM-C4               | [Publicado] vol=  5 veh | vel= 29.1 km/h | semáforo=VERDE
2026-04-06T12:27:45 | INFO     | CAM-C4               | [Publicado] vol=  0 veh | vel= 48.1 km/h | semáforo=VERDE
2026-04-06T12:27:50 | INFO     | CAM-C4               | [Publicado] vol=  2 veh | vel= 26.7 km/h | semáforo=VERDE
2026-04-06T12:27:55 | INFO     | CAM-C4               | [Publicado] vol=  8 veh | vel= 44.5 km/h | semáforo=VERDE
2026-04-06T12:28:00 | INFO     | CAM-C4               | [Publicado] vol=  6 veh | vel= 42.1 km/h | semáforo=VERDE
2026-04-06T12:28:06 | INFO     | CAM-C4               | [Publicado] vol= 17 veh | vel= 21.6 km/h | semáforo=ROJO
2026-04-06T12:28:11 | INFO     | CAM-C4               | [Publicado] vol= 25 veh | vel= 13.8 km/h | semáforo=ROJO
2026-04-06T12:28:16 | INFO     | CAM-C4               | [Publicado] vol= 25 veh | vel= 14.0 km/h | semáforo=ROJO
2026-04-06T12:28:21 | INFO     | CAM-C4               | [Publicado] vol=  4 veh | vel= 43.5 km/h | semáforo=ROJO
2026-04-06T12:28:26 | INFO     | CAM-C4               | [Publicado] vol=  2 veh | vel= 45.6 km/h | semáforo=ROJO
2026-04-06T12:28:31 | INFO     | CAM-C4               | [Publicado] vol=  6 veh | vel= 41.6 km/h | semáforo=ROJO
2026-04-06T12:28:36 | INFO     | CAM-C4               | [Publicado] vol=  5 veh | vel= 34.5 km/h | semáforo=VERDE
2026-04-06T12:28:41 | INFO     | CAM-C4               | [Publicado] vol=  4 veh | vel= 25.8 km/h | semáforo=VERDE
2026-04-06T12:28:46 | INFO     | CAM-C4               | [Publicado] vol=  6 veh | vel= 28.5 km/h | semáforo=VERDE
2026-04-06T12:28:51 | INFO     | CAM-C4               | [Publicado] vol=  8 veh | vel= 29.3 km/h | semáforo=VERDE
2026-04-06T12:28:56 | INFO     | CAM-C4               | [Publicado] vol=  4 veh | vel= 47.1 km/h | semáforo=VERDE
2026-04-06T12:29:01 | INFO     | CAM-C4               | [Publicado] vol=  4 veh | vel= 45.5 km/h | semáforo=VERDE
2026-04-06T12:29:06 | INFO     | CAM-C4               | [Publicado] vol=  4 veh | vel= 41.6 km/h | semáforo=ROJO
2026-04-06T12:29:11 | INFO     | CAM-C4               | [Publicado] vol= 20 veh | vel= 22.4 km/h | semáforo=ROJO
2026-04-06T12:29:16 | INFO     | CAM-C4               | [Publicado] vol= 23 veh | vel= 16.8 km/h | semáforo=ROJO
2026-04-06T12:29:21 | INFO     | CAM-C4               | [Publicado] vol= 23 veh | vel= 15.0 km/h | semáforo=ROJO
2026-04-06T12:29:26 | INFO     | CAM-C4               | [Publicado] vol=  7 veh | vel= 41.2 km/h | semáforo=ROJO
2026-04-06T12:29:31 | INFO     | CAM-C4               | [Publicado] vol= 12 veh | vel= 29.9 km/h | semáforo=ROJO
2026-04-06T12:29:36 | INFO     | CAM-C4               | [Publicado] vol=  5 veh | vel= 30.5 km/h | semáforo=VERDE
2026-04-06T12:29:41 | INFO     | CAM-C4               | [Publicado] vol=  6 veh | vel= 39.1 km/h | semáforo=VERDE
2026-04-06T12:29:46 | INFO     | CAM-C4               | [Publicado] vol=  8 veh | vel= 44.6 km/h | semáforo=VERDE
2026-04-06T12:29:51 | INFO     | CAM-C4               | [Publicado] vol=  2 veh | vel= 40.0 km/h | semáforo=VERDE
2026-04-06T12:29:56 | INFO     | CAM-C4               | [Publicado] vol=  8 veh | vel= 29.3 km/h | semáforo=VERDE
2026-04-06T12:30:01 | INFO     | CAM-C4               | [Publicado] vol=  4 veh | vel= 32.6 km/h | semáforo=VERDE
2026-04-06T12:30:06 | INFO     | CAM-C4               | [Publicado] vol=  2 veh | vel= 49.4 km/h | semáforo=ROJO
2026-04-06T12:30:11 | INFO     | CAM-C4               | [Publicado] vol=  7 veh | vel= 40.4 km/h | semáforo=ROJO
2026-04-06T12:30:16 | INFO     | CAM-C4               | [Publicado] vol=  1 veh | vel= 47.6 km/h | semáforo=ROJO
2026-04-06T12:30:21 | INFO     | CAM-C4               | [Publicado] vol= 18 veh | vel= 23.4 km/h | semáforo=ROJO
2026-04-06T12:30:26 | INFO     | CAM-C4               | [Publicado] vol=  9 veh | vel= 34.4 km/h | semáforo=ROJO
2026-04-06T12:30:31 | INFO     | CAM-C4               | [Publicado] vol= 13 veh | vel= 28.9 km/h | semáforo=ROJO
2026-04-06T12:30:36 | INFO     | CAM-C4               | [Publicado] vol=  6 veh | vel= 33.9 km/h | semáforo=VERDE
2026-04-06T12:30:41 | INFO     | CAM-C4               | [Publicado] vol=  7 veh | vel= 47.3 km/h | semáforo=VERDE
2026-04-06T12:30:46 | INFO     | CAM-C4               | [Publicado] vol=  8 veh | vel= 38.4 km/h | semáforo=VERDE
2026-04-06T12:30:51 | INFO     | CAM-C4               | [Publicado] vol=  5 veh | vel= 38.3 km/h | semáforo=VERDE
2026-04-06T12:30:56 | INFO     | CAM-C4               | [Publicado] vol=  6 veh | vel= 38.7 km/h | semáforo=VERDE
2026-04-06T12:31:01 | INFO     | CAM-C4               | [Publicado] vol=  2 veh | vel= 42.3 km/h | semáforo=VERDE
2026-04-06T12:31:06 | INFO     | CAM-C4               | [Publicado] vol=  8 veh | vel= 37.4 km/h | semáforo=ROJO
2026-04-06T12:31:11 | INFO     | CAM-C4               | [Publicado] vol= 25 veh | vel=  9.8 km/h | semáforo=ROJO
2026-04-06T12:31:16 | INFO     | CAM-C4               | [Publicado] vol= 12 veh | vel= 32.9 km/h | semáforo=ROJO
2026-04-06T12:31:21 | INFO     | CAM-C4               | [Publicado] vol= 22 veh | vel= 17.1 km/h | semáforo=ROJO
2026-04-06T12:31:26 | INFO     | CAM-C4               | [Publicado] vol= 15 veh | vel= 25.8 km/h | semáforo=ROJO
2026-04-06T12:31:31 | INFO     | CAM-C4               | [Publicado] vol=  1 veh | vel= 50.6 km/h | semáforo=ROJO
2026-04-06T12:31:36 | INFO     | CAM-C4               | [Publicado] vol=  0 veh | vel= 27.4 km/h | semáforo=VERDE
2026-04-06T12:31:41 | INFO     | CAM-C4               | [Publicado] vol=  0 veh | vel= 41.0 km/h | semáforo=VERDE
2026-04-06T12:31:46 | INFO     | CAM-C4               | [Publicado] vol=  5 veh | vel= 27.7 km/h | semáforo=VERDE
2026-04-06T12:31:51 | INFO     | CAM-C4               | [Publicado] vol=  4 veh | vel= 40.2 km/h | semáforo=VERDE
2026-04-06T12:31:56 | INFO     | CAM-C4               | [Publicado] vol=  0 veh | vel= 31.8 km/h | semáforo=VERDE
2026-04-06T12:32:01 | INFO     | CAM-C4               | [Publicado] vol=  8 veh | vel= 39.2 km/h | semáforo=VERDE
2026-04-06T12:32:06 | INFO     | CAM-C4               | [Publicado] vol=  0 veh | vel= 52.6 km/h | semáforo=ROJO
2026-04-06T12:32:11 | INFO     | CAM-C4               | [Publicado] vol= 13 veh | vel= 32.8 km/h | semáforo=ROJO
2026-04-06T12:32:16 | INFO     | CAM-C4               | [Publicado] vol=  6 veh | vel= 38.4 km/h | semáforo=ROJO
2026-04-06T12:32:21 | INFO     | CAM-C4               | [Publicado] vol= 23 veh | vel= 16.2 km/h | semáforo=ROJO
2026-04-06T12:32:26 | INFO     | CAM-C4               | [Publicado] vol= 23 veh | vel= 17.6 km/h | semáforo=ROJO
2026-04-06T12:32:31 | INFO     | CAM-C4               | [Publicado] vol= 19 veh | vel= 22.0 km/h | semáforo=ROJO
2026-04-06T12:32:36 | INFO     | CAM-C4               | [Publicado] vol=  2 veh | vel= 39.6 km/h | semáforo=VERDE
2026-04-06T12:32:41 | INFO     | CAM-C4               | [Publicado] vol=  1 veh | vel= 25.0 km/h | semáforo=VERDE
2026-04-06T12:32:46 | INFO     | CAM-C4               | [Publicado] vol=  4 veh | vel= 45.3 km/h | semáforo=VERDE
2026-04-06T12:32:51 | INFO     | CAM-C4               | [Publicado] vol=  6 veh | vel= 49.4 km/h | semáforo=VERDE
2026-04-06T12:32:56 | INFO     | CAM-C4               | [Publicado] vol=  8 veh | vel= 26.4 km/h | semáforo=VERDE
2026-04-06T12:33:01 | INFO     | CAM-C4               | [Publicado] vol=  0 veh | vel= 29.7 km/h | semáforo=VERDE
2026-04-06T12:33:06 | INFO     | CAM-C4               | [Publicado] vol=  5 veh | vel= 43.9 km/h | semáforo=ROJO
2026-04-06T12:33:11 | INFO     | CAM-C4               | [Publicado] vol=  0 veh | vel= 51.6 km/h | semáforo=ROJO
2026-04-06T12:33:16 | INFO     | CAM-C4               | [Publicado] vol=  1 veh | vel= 46.5 km/h | semáforo=ROJO
2026-04-06T12:33:21 | INFO     | CAM-C4               | [Publicado] vol= 18 veh | vel= 22.2 km/h | semáforo=ROJO
2026-04-06T12:33:26 | INFO     | CAM-C4               | [Publicado] vol=  3 veh | vel= 47.5 km/h | semáforo=ROJO
2026-04-06T12:33:31 | INFO     | CAM-C4               | [Publicado] vol= 19 veh | vel= 22.6 km/h | semáforo=ROJO
2026-04-06T12:33:36 | INFO     | CAM-C4               | [Publicado] vol=  4 veh | vel= 41.8 km/h | semáforo=VERDE
2026-04-06T12:33:41 | INFO     | CAM-C4               | [Publicado] vol=  2 veh | vel= 42.3 km/h | semáforo=VERDE
2026-04-06T12:33:46 | INFO     | CAM-C4               | [Publicado] vol=  7 veh | vel= 37.3 km/h | semáforo=VERDE
2026-04-06T12:33:51 | INFO     | CAM-C4               | [Publicado] vol=  8 veh | vel= 37.2 km/h | semáforo=VERDE
2026-04-06T12:33:56 | INFO     | CAM-C4               | [Publicado] vol=  1 veh | vel= 38.0 km/h | semáforo=VERDE
2026-04-06T12:34:01 | INFO     | CAM-C4               | [Publicado] vol=  4 veh | vel= 47.4 km/h | semáforo=VERDE
2026-04-06T12:34:06 | INFO     | CAM-C4               | [Publicado] vol= 12 veh | vel= 34.3 km/h | semáforo=ROJO
2026-04-06T12:34:11 | INFO     | CAM-C4               | [Publicado] vol=  2 veh | vel= 44.0 km/h | semáforo=ROJO
2026-04-06T12:34:16 | INFO     | CAM-C4               | [Publicado] vol=  6 veh | vel= 40.6 km/h | semáforo=ROJO
2026-04-06T12:34:21 | INFO     | CAM-C4               | [Publicado] vol= 16 veh | vel= 25.0 km/h | semáforo=ROJO
2026-04-06T12:34:26 | INFO     | CAM-C4               | [Publicado] vol= 21 veh | vel= 21.2 km/h | semáforo=ROJO
2026-04-06T12:34:31 | INFO     | CAM-C4               | [Publicado] vol=  6 veh | vel= 38.6 km/h | semáforo=ROJO
2026-04-06T12:34:36 | INFO     | CAM-C4               | [Publicado] vol=  4 veh | vel= 45.4 km/h | semáforo=VERDE
2026-04-06T12:34:41 | INFO     | CAM-C4               | [Publicado] vol=  1 veh | vel= 41.9 km/h | semáforo=VERDE
2026-04-06T12:34:46 | INFO     | CAM-C4               | [Publicado] vol=  8 veh | vel= 25.8 km/h | semáforo=VERDE
2026-04-06T12:34:51 | INFO     | CAM-C4               | [Publicado] vol=  3 veh | vel= 37.7 km/h | semáforo=VERDE
2026-04-06T12:34:56 | INFO     | CAM-C4               | [Publicado] vol=  1 veh | vel= 28.1 km/h | semáforo=VERDE
2026-04-06T12:35:01 | INFO     | CAM-C4               | [Publicado] vol=  6 veh | vel= 47.4 km/h | semáforo=VERDE
2026-04-06T12:35:06 | INFO     | CAM-C4               | [Publicado] vol= 16 veh | vel= 25.7 km/h | semáforo=ROJO
2026-04-06T12:35:11 | INFO     | CAM-C4               | [Publicado] vol= 16 veh | vel= 28.5 km/h | semáforo=ROJO
2026-04-06T12:35:16 | INFO     | CAM-C4               | [Publicado] vol=  6 veh | vel= 42.7 km/h | semáforo=ROJO
2026-04-06T12:35:21 | INFO     | CAM-C4               | [Publicado] vol= 19 veh | vel= 19.1 km/h | semáforo=ROJO
2026-04-06T12:35:26 | INFO     | CAM-C4               | [Publicado] vol= 18 veh | vel= 22.9 km/h | semáforo=ROJO
2026-04-06T12:35:31 | INFO     | CAM-C4               | [Publicado] vol=  7 veh | vel= 39.5 km/h | semáforo=ROJO
2026-04-06T12:35:36 | INFO     | CAM-C4               | [Publicado] vol=  1 veh | vel= 38.3 km/h | semáforo=VERDE
2026-04-06T12:35:41 | INFO     | CAM-C4               | [Publicado] vol=  6 veh | vel= 31.3 km/h | semáforo=VERDE
2026-04-06T12:35:46 | INFO     | CAM-C4               | [Publicado] vol=  7 veh | vel= 35.5 km/h | semáforo=VERDE
2026-04-06T12:35:51 | INFO     | CAM-C4               | [Publicado] vol=  8 veh | vel= 42.1 km/h | semáforo=VERDE
2026-04-06T12:35:56 | INFO     | CAM-C4               | [Publicado] vol=  0 veh | vel= 39.8 km/h | semáforo=VERDE
2026-04-06T12:36:01 | INFO     | CAM-C4               | [Publicado] vol=  3 veh | vel= 39.6 km/h | semáforo=VERDE
2026-04-06T12:36:06 | INFO     | CAM-C4               | [Publicado] vol= 17 veh | vel= 21.9 km/h | semáforo=ROJO
2026-04-06T12:36:11 | INFO     | CAM-C4               | [Publicado] vol= 11 veh | vel= 35.7 km/h | semáforo=ROJO
2026-04-06T12:36:16 | INFO     | CAM-C4               | [Publicado] vol=  9 veh | vel= 36.3 km/h | semáforo=ROJO
2026-04-06T12:36:21 | INFO     | CAM-C4               | [Publicado] vol=  2 veh | vel= 49.7 km/h | semáforo=ROJO
2026-04-06T12:36:26 | INFO     | CAM-C4               | [Publicado] vol= 18 veh | vel= 22.0 km/h | semáforo=ROJO
2026-04-06T12:36:31 | INFO     | CAM-C4               | [Publicado] vol= 19 veh | vel= 22.5 km/h | semáforo=ROJO
2026-04-06T12:36:36 | INFO     | CAM-C4               | [Publicado] vol=  1 veh | vel= 44.7 km/h | semáforo=VERDE
2026-04-06T12:36:41 | INFO     | CAM-C4               | [Publicado] vol=  6 veh | vel= 34.9 km/h | semáforo=VERDE
2026-04-06T12:36:46 | INFO     | CAM-C4               | [Publicado] vol=  3 veh | vel= 34.4 km/h | semáforo=VERDE
2026-04-06T12:36:51 | INFO     | CAM-C4               | [Publicado] vol=  7 veh | vel= 39.3 km/h | semáforo=VERDE
2026-04-06T12:36:56 | INFO     | CAM-C4               | [Publicado] vol=  1 veh | vel= 37.2 km/h | semáforo=VERDE
2026-04-06T12:37:01 | INFO     | CAM-C4               | [Publicado] vol=  3 veh | vel= 25.3 km/h | semáforo=VERDE
2026-04-06T12:37:06 | INFO     | CAM-C4               | [Publicado] vol= 12 veh | vel= 32.1 km/h | semáforo=ROJO
2026-04-06T12:37:11 | INFO     | CAM-C4               | [Publicado] vol= 20 veh | vel= 20.1 km/h | semáforo=ROJO
2026-04-06T12:37:16 | INFO     | CAM-C4               | [Publicado] vol= 23 veh | vel= 15.4 km/h | semáforo=ROJO
2026-04-06T12:37:21 | INFO     | CAM-C4               | [Publicado] vol= 24 veh | vel= 11.1 km/h | semáforo=ROJO
2026-04-06T12:37:26 | INFO     | CAM-C4               | [Publicado] vol= 13 veh | vel= 29.4 km/h | semáforo=ROJO
2026-04-06T12:37:31 | INFO     | CAM-C4               | [Publicado] vol= 24 veh | vel= 12.1 km/h | semáforo=ROJO
2026-04-06T12:37:36 | INFO     | CAM-C4               | [Publicado] vol=  4 veh | vel= 45.9 km/h | semáforo=VERDE
2026-04-06T12:37:41 | INFO     | CAM-C4               | [Publicado] vol=  3 veh | vel= 27.4 km/h | semáforo=VERDE
2026-04-06T12:37:46 | INFO     | CAM-C4               | [Publicado] vol=  7 veh | vel= 36.1 km/h | semáforo=VERDE
2026-04-06T12:37:51 | INFO     | CAM-C4               | [Publicado] vol=  6 veh | vel= 48.6 km/h | semáforo=VERDE
2026-04-06T12:37:56 | INFO     | CAM-C4               | [Publicado] vol=  6 veh | vel= 40.3 km/h | semáforo=VERDE
2026-04-06T12:38:01 | INFO     | CAM-C4               | [Publicado] vol=  5 veh | vel= 35.1 km/h | semáforo=VERDE
2026-04-06T12:38:06 | INFO     | CAM-C4               | [Publicado] vol=  2 veh | vel= 44.6 km/h | semáforo=ROJO
2026-04-06T12:38:11 | INFO     | CAM-C4               | [Publicado] vol= 14 veh | vel= 27.7 km/h | semáforo=ROJO
2026-04-06T12:38:16 | INFO     | CAM-C4               | [Publicado] vol=  7 veh | vel= 37.8 km/h | semáforo=ROJO
2026-04-06T12:38:21 | INFO     | CAM-C4               | [Publicado] vol= 20 veh | vel= 22.4 km/h | semáforo=ROJO
2026-04-06T12:38:26 | INFO     | CAM-C4               | [Publicado] vol=  3 veh | vel= 47.3 km/h | semáforo=ROJO
2026-04-06T12:38:31 | INFO     | CAM-C4               | [Publicado] vol= 15 veh | vel= 26.2 km/h | semáforo=ROJO
2026-04-06T12:38:36 | INFO     | CAM-C4               | [Publicado] vol=  7 veh | vel= 32.3 km/h | semáforo=VERDE
2026-04-06T12:38:41 | INFO     | CAM-C4               | [Publicado] vol=  7 veh | vel= 46.0 km/h | semáforo=VERDE
2026-04-06T12:38:46 | INFO     | CAM-C4               | [Publicado] vol=  6 veh | vel= 34.4 km/h | semáforo=VERDE
2026-04-06T12:38:51 | INFO     | CAM-C4               | [Publicado] vol=  6 veh | vel= 40.7 km/h | semáforo=VERDE
2026-04-06T12:38:56 | INFO     | CAM-C4               | [Publicado] vol=  6 veh | vel= 35.8 km/h | semáforo=VERDE
2026-04-06T12:39:01 | INFO     | CAM-C4               | [Publicado] vol=  0 veh | vel= 28.6 km/h | semáforo=VERDE
2026-04-06T12:39:06 | INFO     | CAM-C4               | [Publicado] vol= 23 veh | vel= 13.2 km/h | semáforo=ROJO
2026-04-06T12:39:11 | INFO     | CAM-C4               | [Publicado] vol= 16 veh | vel= 28.4 km/h | semáforo=ROJO
2026-04-06T12:39:16 | INFO     | CAM-C4               | [Publicado] vol= 13 veh | vel= 31.8 km/h | semáforo=ROJO
2026-04-06T12:39:21 | INFO     | CAM-C4               | [Publicado] vol=  2 veh | vel= 46.8 km/h | semáforo=ROJO
2026-04-06T12:39:26 | INFO     | CAM-C4               | [Publicado] vol= 10 veh | vel= 32.2 km/h | semáforo=ROJO
2026-04-06T12:39:31 | INFO     | CAM-C4               | [Publicado] vol= 25 veh | vel= 12.9 km/h | semáforo=ROJO
2026-04-06T12:39:36 | INFO     | CAM-C4               | [Publicado] vol=  2 veh | vel= 47.7 km/h | semáforo=VERDE
2026-04-06T12:39:41 | INFO     | CAM-C4               | [Publicado] vol=  8 veh | vel= 49.0 km/h | semáforo=VERDE
2026-04-06T12:39:46 | INFO     | CAM-C4               | [Publicado] vol=  4 veh | vel= 48.9 km/h | semáforo=VERDE
2026-04-06T12:39:51 | INFO     | CAM-C4               | [Publicado] vol=  8 veh | vel= 38.3 km/h | semáforo=VERDE
2026-04-06T12:39:56 | INFO     | CAM-C4               | [Publicado] vol=  2 veh | vel= 37.8 km/h | semáforo=VERDE
2026-04-06T12:40:01 | INFO     | CAM-C4               | [Publicado] vol=  0 veh | vel= 39.5 km/h | semáforo=VERDE
2026-04-06T12:40:06 | INFO     | CAM-C4               | [Publicado] vol=  0 veh | vel= 48.3 km/h | semáforo=ROJO
2026-04-06T12:40:11 | INFO     | CAM-C4               | [Publicado] vol= 20 veh | vel= 19.4 km/h | semáforo=ROJO
2026-04-06T12:40:16 | INFO     | CAM-C4               | [Publicado] vol= 25 veh | vel= 15.2 km/h | semáforo=ROJO
2026-04-06T12:40:21 | INFO     | CAM-C4               | [Publicado] vol=  2 veh | vel= 48.3 km/h | semáforo=ROJO
2026-04-06T12:40:26 | INFO     | CAM-C4               | [Publicado] vol=  3 veh | vel= 43.0 km/h | semáforo=ROJO
2026-04-06T12:40:31 | INFO     | CAM-C4               | [Publicado] vol= 21 veh | vel= 16.4 km/h | semáforo=ROJO
2026-04-06T12:40:36 | INFO     | CAM-C4               | [Publicado] vol=  8 veh | vel= 29.8 km/h | semáforo=VERDE
2026-04-06T12:40:41 | INFO     | CAM-C4               | [Publicado] vol=  8 veh | vel= 35.2 km/h | semáforo=VERDE
2026-04-06T12:40:46 | INFO     | CAM-C4               | [Publicado] vol=  4 veh | vel= 44.9 km/h | semáforo=VERDE
2026-04-06T12:40:51 | INFO     | CAM-C4               | [Publicado] vol=  4 veh | vel= 36.4 km/h | semáforo=VERDE
2026-04-06T12:40:56 | INFO     | CAM-C4               | [Publicado] vol=  2 veh | vel= 35.6 km/h | semáforo=VERDE
2026-04-06T12:41:01 | INFO     | CAM-C4               | [Publicado] vol=  7 veh | vel= 45.0 km/h | semáforo=VERDE
2026-04-06T12:41:06 | INFO     | CAM-C4               | [Publicado] vol= 11 veh | vel= 35.8 km/h | semáforo=ROJO
2026-04-06T12:41:11 | INFO     | CAM-C4               | [Publicado] vol=  8 veh | vel= 39.6 km/h | semáforo=ROJO
2026-04-06T12:41:16 | INFO     | CAM-C4               | [Publicado] vol= 10 veh | vel= 33.4 km/h | semáforo=ROJO
2026-04-06T12:41:21 | INFO     | CAM-C4               | [Publicado] vol=  1 veh | vel= 49.0 km/h | semáforo=ROJO
2026-04-06T12:41:26 | INFO     | CAM-C4               | [Publicado] vol=  7 veh | vel= 40.9 km/h | semáforo=ROJO
2026-04-06T12:41:31 | INFO     | CAM-C4               | [Publicado] vol=  3 veh | vel= 45.0 km/h | semáforo=ROJO
2026-04-06T12:41:36 | INFO     | CAM-C4               | [Publicado] vol=  6 veh | vel= 47.8 km/h | semáforo=VERDE
